This file contains any messages produced by compilers while
running configure, to aid debugging if configure makes a mistake.

It was created by mcapi configure 0.0.1, which was
generated by GNU Autoconf 2.61.  Invocation command line was

  $ ./configure --host=bfin-elf

## --------- ##
## Platform. ##
## --------- ##

hostname = debiansteven
uname -m = i686
uname -r = 2.6.26-2-686
uname -s = Linux
uname -v = #1 SMP Mon Jun 21 05:58:44 UTC 2010

/usr/bin/uname -p = unknown
/bin/uname -X     = unknown

/bin/arch              = unknown
/usr/bin/arch -k       = unknown
/usr/convex/getsysinfo = unknown
/usr/bin/hostinfo      = unknown
/bin/machine           = unknown
/usr/bin/oslevel       = unknown
/bin/universe          = unknown

PATH: /usr/local/bin
PATH: /usr/bin
PATH: /bin
PATH: /usr/games
PATH: /sbin
PATH: /usr/sbin
PATH: /opt/uClinux/bfin-uclinux/bin
PATH: /opt/uClinux/bfin-linux-uclibc/bin
PATH: /opt/uClinux/bfin-elf/bin


## ----------- ##
## Core tests. ##
## ----------- ##

configure:1979: checking for a BSD-compatible install
configure:2035: result: /usr/bin/install -c
configure:2046: checking whether build environment is sane
configure:2089: result: yes
configure:2117: checking for a thread-safe mkdir -p
configure:2156: result: /bin/mkdir -p
configure:2169: checking for gawk
configure:2185: found /usr/bin/gawk
configure:2196: result: gawk
configure:2207: checking whether make sets $(MAKE)
configure:2228: result: yes
configure:2308: checking for bfin-elf-strip
configure:2324: found /opt/uClinux/bfin-elf/bin/bfin-elf-strip
configure:2335: result: bfin-elf-strip
configure:2426: checking for bfin-elf-gcc
configure:2453: result: bfin-elf-gcc -mcpu=bf561
configure:2731: checking for C compiler version
configure:2738: bfin-elf-gcc -mcpu=bf561 --version >&5
bfin-elf-gcc (ADI-2010R1-RC4) 4.3.5
Copyright (C) 2008 Free Software Foundation, Inc.
This is free software; see the source for copying conditions.  There is NO
warranty; not even for MERCHANTABILITY or FITNESS FOR A PARTICULAR PURPOSE.

configure:2741: $? = 0
configure:2748: bfin-elf-gcc -mcpu=bf561 -v >&5
Using built-in specs.
Target: bfin-elf
Configured with: /usr/src/packages/BUILD/blackfin-toolchain-2010R1/gcc-4.3/configure --build=i686-pc-linux-gnu --host=i686-pc-linux-gnu --target=bfin-elf --prefix=/opt/uClinux/bfin-elf --with-newlib --disable-libstdcxx-pch --enable-languages=c,c++ --disable-symvers --disable-libssp --disable-libffi --enable-clocale=generic --enable-version-specific-runtime-libs --enable-__cxa_atexit --with-bugurl=URL:http://blackfin.uclinux.org/gf/project/toolchain/tracker --with-pkgversion=ADI-2010R1-RC4
Thread model: single
gcc version 4.3.5 (ADI-2010R1-RC4) 
configure:2751: $? = 0
configure:2758: bfin-elf-gcc -mcpu=bf561 -V >&5
bfin-elf-gcc: '-V' must come at the start of the command line
configure:2761: $? = 1
configure:2784: checking for C compiler default output file name
configure:2811: bfin-elf-gcc -mcpu=bf561    conftest.c  >&5
configure:2814: $? = 0
configure:2852: result: a.out
configure:2869: checking whether the C compiler works
configure:2879: ./a.out
./configure: line 2880: ./a.out: cannot execute binary file
configure:2882: $? = 126
configure:2899: result: yes
configure:2906: checking whether we are cross compiling
configure:2908: result: yes
configure:2911: checking for suffix of executables
configure:2918: bfin-elf-gcc -mcpu=bf561 -o conftest    conftest.c  >&5
configure:2921: $? = 0
configure:2945: result: 
configure:2951: checking for suffix of object files
configure:2977: bfin-elf-gcc -mcpu=bf561 -c   conftest.c >&5
configure:2980: $? = 0
configure:3003: result: o
configure:3007: checking whether we are using the GNU C compiler
configure:3036: bfin-elf-gcc -mcpu=bf561 -c   conftest.c >&5
configure:3042: $? = 0
configure:3059: result: yes
configure:3064: checking whether bfin-elf-gcc -mcpu=bf561 accepts -g
configure:3094: bfin-elf-gcc -mcpu=bf561 -c -g  conftest.c >&5
configure:3100: $? = 0
configure:3199: result: yes
configure:3216: checking for bfin-elf-gcc -mcpu=bf561 option to accept ISO C89
configure:3290: bfin-elf-gcc -mcpu=bf561  -c -g -O2  conftest.c >&5
configure:3296: $? = 0
configure:3319: result: none needed
configure:3348: checking for style of include used by make
configure:3376: result: GNU
configure:3401: checking dependency style of bfin-elf-gcc -mcpu=bf561
configure:3492: result: gcc3
configure:3520: checking for a BSD-compatible install
configure:3576: result: /usr/bin/install -c
configure:3587: checking whether make sets $(MAKE)
configure:3608: result: yes
configure:3697: checking build system type
configure:3715: result: i686-pc-linux-gnulibc1
configure:3737: checking host system type
configure:3752: result: bfin-unknown-elf
configure:3774: checking for a sed that does not truncate output
configure:3830: result: /bin/sed
configure:3833: checking for grep that handles long lines and -e
configure:3907: result: /bin/grep
configure:3912: checking for egrep
configure:3990: result: /bin/grep -E
configure:4006: checking for ld used by bfin-elf-gcc -mcpu=bf561
configure:4073: result: /opt/uClinux/bfin-elf/bfin-elf/bin/ld
configure:4082: checking if the linker (/opt/uClinux/bfin-elf/bfin-elf/bin/ld) is GNU ld
configure:4097: result: yes
configure:4102: checking for /opt/uClinux/bfin-elf/bfin-elf/bin/ld option to reload object files
configure:4109: result: -r
configure:4127: checking for BSD-compatible nm
configure:4176: result: /opt/uClinux/bfin-elf/bin/bfin-elf-nm -B
configure:4180: checking whether ln -s works
configure:4184: result: yes
configure:4191: checking how to recognize dependent libraries
configure:4377: result: unknown
configure:4622: checking how to run the C preprocessor
configure:4662: bfin-elf-gcc -mcpu=bf561 -E  conftest.c
configure:4668: $? = 0
configure:4699: bfin-elf-gcc -mcpu=bf561 -E  conftest.c
conftest.c:10:28: error: ac_nonexistent.h: No such file or directory
configure:4705: $? = 1
configure: failed program was:
| /* confdefs.h.  */
| #define PACKAGE_NAME "mcapi"
| #define PACKAGE_TARNAME "mcapi"
| #define PACKAGE_VERSION "0.0.1"
| #define PACKAGE_STRING "mcapi 0.0.1"
| #define PACKAGE_BUGREPORT ""
| #define PACKAGE "mcapi"
| #define VERSION "0.0.1"
| /* end confdefs.h.  */
| #include <ac_nonexistent.h>
configure:4738: result: bfin-elf-gcc -mcpu=bf561 -E
configure:4767: bfin-elf-gcc -mcpu=bf561 -E  conftest.c
configure:4773: $? = 0
configure:4804: bfin-elf-gcc -mcpu=bf561 -E  conftest.c
conftest.c:10:28: error: ac_nonexistent.h: No such file or directory
configure:4810: $? = 1
configure: failed program was:
| /* confdefs.h.  */
| #define PACKAGE_NAME "mcapi"
| #define PACKAGE_TARNAME "mcapi"
| #define PACKAGE_VERSION "0.0.1"
| #define PACKAGE_STRING "mcapi 0.0.1"
| #define PACKAGE_BUGREPORT ""
| #define PACKAGE "mcapi"
| #define VERSION "0.0.1"
| /* end confdefs.h.  */
| #include <ac_nonexistent.h>
configure:4848: checking for ANSI C header files
configure:4878: bfin-elf-gcc -mcpu=bf561 -c -g -O2  conftest.c >&5
configure:4884: $? = 0
configure:5012: result: yes
configure:5036: checking for sys/types.h
configure:5057: bfin-elf-gcc -mcpu=bf561 -c -g -O2  conftest.c >&5
configure:5063: $? = 0
configure:5079: result: yes
configure:5036: checking for sys/stat.h
configure:5057: bfin-elf-gcc -mcpu=bf561 -c -g -O2  conftest.c >&5
configure:5063: $? = 0
configure:5079: result: yes
configure:5036: checking for stdlib.h
configure:5057: bfin-elf-gcc -mcpu=bf561 -c -g -O2  conftest.c >&5
configure:5063: $? = 0
configure:5079: result: yes
configure:5036: checking for string.h
configure:5057: bfin-elf-gcc -mcpu=bf561 -c -g -O2  conftest.c >&5
configure:5063: $? = 0
configure:5079: result: yes
configure:5036: checking for memory.h
configure:5057: bfin-elf-gcc -mcpu=bf561 -c -g -O2  conftest.c >&5
conftest.c:49:20: error: memory.h: No such file or directory
configure:5063: $? = 1
configure: failed program was:
| /* confdefs.h.  */
| #define PACKAGE_NAME "mcapi"
| #define PACKAGE_TARNAME "mcapi"
| #define PACKAGE_VERSION "0.0.1"
| #define PACKAGE_STRING "mcapi 0.0.1"
| #define PACKAGE_BUGREPORT ""
| #define PACKAGE "mcapi"
| #define VERSION "0.0.1"
| #define STDC_HEADERS 1
| #define HAVE_SYS_TYPES_H 1
| #define HAVE_SYS_STAT_H 1
| #define HAVE_STDLIB_H 1
| #define HAVE_STRING_H 1
| /* end confdefs.h.  */
| #include <stdio.h>
| #ifdef HAVE_SYS_TYPES_H
| # include <sys/types.h>
| #endif
| #ifdef HAVE_SYS_STAT_H
| # include <sys/stat.h>
| #endif
| #ifdef STDC_HEADERS
| # include <stdlib.h>
| # include <stddef.h>
| #else
| # ifdef HAVE_STDLIB_H
| #  include <stdlib.h>
| # endif
| #endif
| #ifdef HAVE_STRING_H
| # if !defined STDC_HEADERS && defined HAVE_MEMORY_H
| #  include <memory.h>
| # endif
| # include <string.h>
| #endif
| #ifdef HAVE_STRINGS_H
| # include <strings.h>
| #endif
| #ifdef HAVE_INTTYPES_H
| # include <inttypes.h>
| #endif
| #ifdef HAVE_STDINT_H
| # include <stdint.h>
| #endif
| #ifdef HAVE_UNISTD_H
| # include <unistd.h>
| #endif
| 
| #include <memory.h>
configure:5079: result: no
configure:5036: checking for strings.h
configure:5057: bfin-elf-gcc -mcpu=bf561 -c -g -O2  conftest.c >&5
conftest.c:49:21: error: strings.h: No such file or directory
configure:5063: $? = 1
configure: failed program was:
| /* confdefs.h.  */
| #define PACKAGE_NAME "mcapi"
| #define PACKAGE_TARNAME "mcapi"
| #define PACKAGE_VERSION "0.0.1"
| #define PACKAGE_STRING "mcapi 0.0.1"
| #define PACKAGE_BUGREPORT ""
| #define PACKAGE "mcapi"
| #define VERSION "0.0.1"
| #define STDC_HEADERS 1
| #define HAVE_SYS_TYPES_H 1
| #define HAVE_SYS_STAT_H 1
| #define HAVE_STDLIB_H 1
| #define HAVE_STRING_H 1
| /* end confdefs.h.  */
| #include <stdio.h>
| #ifdef HAVE_SYS_TYPES_H
| # include <sys/types.h>
| #endif
| #ifdef HAVE_SYS_STAT_H
| # include <sys/stat.h>
| #endif
| #ifdef STDC_HEADERS
| # include <stdlib.h>
| # include <stddef.h>
| #else
| # ifdef HAVE_STDLIB_H
| #  include <stdlib.h>
| # endif
| #endif
| #ifdef HAVE_STRING_H
| # if !defined STDC_HEADERS && defined HAVE_MEMORY_H
| #  include <memory.h>
| # endif
| # include <string.h>
| #endif
| #ifdef HAVE_STRINGS_H
| # include <strings.h>
| #endif
| #ifdef HAVE_INTTYPES_H
| # include <inttypes.h>
| #endif
| #ifdef HAVE_STDINT_H
| # include <stdint.h>
| #endif
| #ifdef HAVE_UNISTD_H
| # include <unistd.h>
| #endif
| 
| #include <strings.h>
configure:5079: result: no
configure:5036: checking for inttypes.h
configure:5057: bfin-elf-gcc -mcpu=bf561 -c -g -O2  conftest.c >&5
configure:5063: $? = 0
configure:5079: result: yes
configure:5036: checking for stdint.h
configure:5057: bfin-elf-gcc -mcpu=bf561 -c -g -O2  conftest.c >&5
configure:5063: $? = 0
configure:5079: result: yes
configure:5036: checking for unistd.h
configure:5057: bfin-elf-gcc -mcpu=bf561 -c -g -O2  conftest.c >&5
configure:5063: $? = 0
configure:5079: result: yes
configure:5106: checking dlfcn.h usability
configure:5123: bfin-elf-gcc -mcpu=bf561 -c -g -O2  conftest.c >&5
conftest.c:51:19: error: dlfcn.h: No such file or directory
configure:5129: $? = 1
configure: failed program was:
| /* confdefs.h.  */
| #define PACKAGE_NAME "mcapi"
| #define PACKAGE_TARNAME "mcapi"
| #define PACKAGE_VERSION "0.0.1"
| #define PACKAGE_STRING "mcapi 0.0.1"
| #define PACKAGE_BUGREPORT ""
| #define PACKAGE "mcapi"
| #define VERSION "0.0.1"
| #define STDC_HEADERS 1
| #define HAVE_SYS_TYPES_H 1
| #define HAVE_SYS_STAT_H 1
| #define HAVE_STDLIB_H 1
| #define HAVE_STRING_H 1
| #define HAVE_INTTYPES_H 1
| #define HAVE_STDINT_H 1
| #define HAVE_UNISTD_H 1
| /* end confdefs.h.  */
| #include <stdio.h>
| #ifdef HAVE_SYS_TYPES_H
| # include <sys/types.h>
| #endif
| #ifdef HAVE_SYS_STAT_H
| # include <sys/stat.h>
| #endif
| #ifdef STDC_HEADERS
| # include <stdlib.h>
| # include <stddef.h>
| #else
| # ifdef HAVE_STDLIB_H
| #  include <stdlib.h>
| # endif
| #endif
| #ifdef HAVE_STRING_H
| # if !defined STDC_HEADERS && defined HAVE_MEMORY_H
| #  include <memory.h>
| # endif
| # include <string.h>
| #endif
| #ifdef HAVE_STRINGS_H
| # include <strings.h>
| #endif
| #ifdef HAVE_INTTYPES_H
| # include <inttypes.h>
| #endif
| #ifdef HAVE_STDINT_H
| # include <stdint.h>
| #endif
| #ifdef HAVE_UNISTD_H
| # include <unistd.h>
| #endif
| #include <dlfcn.h>
configure:5143: result: no
configure:5147: checking dlfcn.h presence
configure:5162: bfin-elf-gcc -mcpu=bf561 -E  conftest.c
conftest.c:18:19: error: dlfcn.h: No such file or directory
configure:5168: $? = 1
configure: failed program was:
| /* confdefs.h.  */
| #define PACKAGE_NAME "mcapi"
| #define PACKAGE_TARNAME "mcapi"
| #define PACKAGE_VERSION "0.0.1"
| #define PACKAGE_STRING "mcapi 0.0.1"
| #define PACKAGE_BUGREPORT ""
| #define PACKAGE "mcapi"
| #define VERSION "0.0.1"
| #define STDC_HEADERS 1
| #define HAVE_SYS_TYPES_H 1
| #define HAVE_SYS_STAT_H 1
| #define HAVE_STDLIB_H 1
| #define HAVE_STRING_H 1
| #define HAVE_INTTYPES_H 1
| #define HAVE_STDINT_H 1
| #define HAVE_UNISTD_H 1
| /* end confdefs.h.  */
| #include <dlfcn.h>
configure:5182: result: no
configure:5210: checking for dlfcn.h
configure:5218: result: no
configure:5245: checking for bfin-elf-g++
configure:5261: found /opt/uClinux/bfin-elf/bin/bfin-elf-g++
configure:5272: result: bfin-elf-g++
configure:5347: checking for C++ compiler version
configure:5354: bfin-elf-g++ --version >&5
bfin-elf-g++ (ADI-2010R1-RC4) 4.3.5
Copyright (C) 2008 Free Software Foundation, Inc.
This is free software; see the source for copying conditions.  There is NO
warranty; not even for MERCHANTABILITY or FITNESS FOR A PARTICULAR PURPOSE.

configure:5357: $? = 0
configure:5364: bfin-elf-g++ -v >&5
Using built-in specs.
Target: bfin-elf
Configured with: /usr/src/packages/BUILD/blackfin-toolchain-2010R1/gcc-4.3/configure --build=i686-pc-linux-gnu --host=i686-pc-linux-gnu --target=bfin-elf --prefix=/opt/uClinux/bfin-elf --with-newlib --disable-libstdcxx-pch --enable-languages=c,c++ --disable-symvers --disable-libssp --disable-libffi --enable-clocale=generic --enable-version-specific-runtime-libs --enable-__cxa_atexit --with-bugurl=URL:http://blackfin.uclinux.org/gf/project/toolchain/tracker --with-pkgversion=ADI-2010R1-RC4
Thread model: single
gcc version 4.3.5 (ADI-2010R1-RC4) 
configure:5367: $? = 0
configure:5374: bfin-elf-g++ -V >&5
bfin-elf-g++: '-V' option must have argument
configure:5377: $? = 1
configure:5380: checking whether we are using the GNU C++ compiler
configure:5409: bfin-elf-g++ -c   conftest.cpp >&5
configure:5415: $? = 0
configure:5432: result: yes
configure:5437: checking whether bfin-elf-g++ accepts -g
configure:5467: bfin-elf-g++ -c -g  conftest.cpp >&5
configure:5473: $? = 0
configure:5572: result: yes
configure:5597: checking dependency style of bfin-elf-g++
configure:5688: result: gcc3
configure:5713: checking how to run the C++ preprocessor
configure:5749: bfin-elf-g++ -E  conftest.cpp
configure:5755: $? = 0
configure:5786: bfin-elf-g++ -E  conftest.cpp
conftest.cpp:18:28: error: ac_nonexistent.h: No such file or directory
configure:5792: $? = 1
configure: failed program was:
| /* confdefs.h.  */
| #define PACKAGE_NAME "mcapi"
| #define PACKAGE_TARNAME "mcapi"
| #define PACKAGE_VERSION "0.0.1"
| #define PACKAGE_STRING "mcapi 0.0.1"
| #define PACKAGE_BUGREPORT ""
| #define PACKAGE "mcapi"
| #define VERSION "0.0.1"
| #define STDC_HEADERS 1
| #define HAVE_SYS_TYPES_H 1
| #define HAVE_SYS_STAT_H 1
| #define HAVE_STDLIB_H 1
| #define HAVE_STRING_H 1
| #define HAVE_INTTYPES_H 1
| #define HAVE_STDINT_H 1
| #define HAVE_UNISTD_H 1
| /* end confdefs.h.  */
| #include <ac_nonexistent.h>
configure:5825: result: bfin-elf-g++ -E
configure:5854: bfin-elf-g++ -E  conftest.cpp
configure:5860: $? = 0
configure:5891: bfin-elf-g++ -E  conftest.cpp
conftest.cpp:18:28: error: ac_nonexistent.h: No such file or directory
configure:5897: $? = 1
configure: failed program was:
| /* confdefs.h.  */
| #define PACKAGE_NAME "mcapi"
| #define PACKAGE_TARNAME "mcapi"
| #define PACKAGE_VERSION "0.0.1"
| #define PACKAGE_STRING "mcapi 0.0.1"
| #define PACKAGE_BUGREPORT ""
| #define PACKAGE "mcapi"
| #define VERSION "0.0.1"
| #define STDC_HEADERS 1
| #define HAVE_SYS_TYPES_H 1
| #define HAVE_SYS_STAT_H 1
| #define HAVE_STDLIB_H 1
| #define HAVE_STRING_H 1
| #define HAVE_INTTYPES_H 1
| #define HAVE_STDINT_H 1
| #define HAVE_UNISTD_H 1
| /* end confdefs.h.  */
| #include <ac_nonexistent.h>
configure:5946: checking for bfin-elf-g77
configure:5976: result: no
configure:5946: checking for bfin-elf-xlf
configure:5976: result: no
configure:5946: checking for bfin-elf-f77
configure:5976: result: no
configure:5946: checking for bfin-elf-frt
configure:5976: result: no
configure:5946: checking for bfin-elf-pgf77
configure:5976: result: no
configure:5946: checking for bfin-elf-cf77
configure:5976: result: no
configure:5946: checking for bfin-elf-fort77
configure:5976: result: no
configure:5946: checking for bfin-elf-fl32
configure:5976: result: no
configure:5946: checking for bfin-elf-af77
configure:5976: result: no
configure:5946: checking for bfin-elf-xlf90
configure:5976: result: no
configure:5946: checking for bfin-elf-f90
configure:5976: result: no
configure:5946: checking for bfin-elf-pgf90
configure:5976: result: no
configure:5946: checking for bfin-elf-pghpf
configure:5976: result: no
configure:5946: checking for bfin-elf-epcf90
configure:5976: result: no
configure:5946: checking for bfin-elf-gfortran
configure:5976: result: no
configure:5946: checking for bfin-elf-g95
configure:5976: result: no
configure:5946: checking for bfin-elf-xlf95
configure:5976: result: no
configure:5946: checking for bfin-elf-f95
configure:5976: result: no
configure:5946: checking for bfin-elf-fort
configure:5976: result: no
configure:5946: checking for bfin-elf-ifort
configure:5976: result: no
configure:5946: checking for bfin-elf-ifc
configure:5976: result: no
configure:5946: checking for bfin-elf-efc
configure:5976: result: no
configure:5946: checking for bfin-elf-pgf95
configure:5976: result: no
configure:5946: checking for bfin-elf-lf95
configure:5976: result: no
configure:5946: checking for bfin-elf-ftn
configure:5976: result: no
configure:5990: checking for g77
configure:6020: result: no
configure:5990: checking for xlf
configure:6020: result: no
configure:5990: checking for f77
configure:6020: result: no
configure:5990: checking for frt
configure:6020: result: no
configure:5990: checking for pgf77
configure:6020: result: no
configure:5990: checking for cf77
configure:6020: result: no
configure:5990: checking for fort77
configure:6020: result: no
configure:5990: checking for fl32
configure:6020: result: no
configure:5990: checking for af77
configure:6020: result: no
configure:5990: checking for xlf90
configure:6020: result: no
configure:5990: checking for f90
configure:6020: result: no
configure:5990: checking for pgf90
configure:6020: result: no
configure:5990: checking for pghpf
configure:6020: result: no
configure:5990: checking for epcf90
configure:6020: result: no
configure:5990: checking for gfortran
configure:6020: result: no
configure:5990: checking for g95
configure:6020: result: no
configure:5990: checking for xlf95
configure:6020: result: no
configure:5990: checking for f95
configure:6020: result: no
configure:5990: checking for fort
configure:6020: result: no
configure:5990: checking for ifort
configure:6020: result: no
configure:5990: checking for ifc
configure:6020: result: no
configure:5990: checking for efc
configure:6020: result: no
configure:5990: checking for pgf95
configure:6020: result: no
configure:5990: checking for lf95
configure:6020: result: no
configure:5990: checking for ftn
configure:6020: result: no
configure:6047: checking for Fortran 77 compiler version
configure:6054:  --version >&5
./configure: line 6055: --version: command not found
configure:6057: $? = 127
configure:6064:  -v >&5
./configure: line 6065: -v: command not found
configure:6067: $? = 127
configure:6074:  -V >&5
./configure: line 6075: -V: command not found
configure:6077: $? = 127
configure:6085: checking whether we are using the GNU Fortran 77 compiler
configure:6104:  -c  conftest.F >&5
./configure: line 6105: -c: command not found
configure:6110: $? = 127
configure: failed program was:
|       program main
| #ifndef __GNUC__
|        choke me
| #endif
| 
|       end
configure:6127: result: no
configure:6133: checking whether  accepts -g
configure:6150:  -c -g conftest.f >&5
./configure: line 6151: -c: command not found
configure:6156: $? = 127
configure: failed program was:
|       program main
| 
|       end
configure:6172: result: no
configure:6201: checking the maximum length of command line arguments
configure:6313: result: 98304
configure:6325: checking command to parse /opt/uClinux/bfin-elf/bin/bfin-elf-nm -B output from bfin-elf-gcc -mcpu=bf561 object
configure:6430: bfin-elf-gcc -mcpu=bf561 -c -g -O2  conftest.c >&5
configure:6433: $? = 0
configure:6437: /opt/uClinux/bfin-elf/bin/bfin-elf-nm -B conftest.o \| sed -n -e 's/^.*[ 	]\([ABCDGIRSTW][ABCDGIRSTW]*\)[ 	][ 	]*\([_A-Za-z][_A-Za-z0-9]*\)$/\1 \2 \2/p' \> conftest.nm
configure:6440: $? = 0
cannot find nm_test_var in conftest.nm
configure:6430: bfin-elf-gcc -mcpu=bf561 -c -g -O2  conftest.c >&5
configure:6433: $? = 0
configure:6437: /opt/uClinux/bfin-elf/bin/bfin-elf-nm -B conftest.o \| sed -n -e 's/^.*[ 	]\([ABCDGIRSTW][ABCDGIRSTW]*\)[ 	][ 	]*_\([_A-Za-z][_A-Za-z0-9]*\)$/\1 _\2 \2/p' \> conftest.nm
configure:6440: $? = 0
configure:6492: bfin-elf-gcc -mcpu=bf561 -o conftest -g -O2   conftest.c conftstm.o >&5
configure:6495: $? = 0
configure:6533: result: ok
configure:6537: checking for objdir
configure:6552: result: .libs
configure:6604: checking for bfin-elf-ar
configure:6620: found /opt/uClinux/bfin-elf/bin/bfin-elf-ar
configure:6631: result: bfin-elf-ar
configure:6700: checking for bfin-elf-ranlib
configure:6716: found /opt/uClinux/bfin-elf/bin/bfin-elf-ranlib
configure:6727: result: bfin-elf-ranlib
configure:6796: checking for bfin-elf-strip
configure:6823: result: bfin-elf-strip
configure:7461: checking if bfin-elf-gcc -mcpu=bf561 supports -fno-rtti -fno-exceptions
configure:7479: bfin-elf-gcc -mcpu=bf561 -c -g -O2  -fno-rtti -fno-exceptions conftest.c >&5
cc1: warning: command line option "-fno-rtti" is valid for C++/ObjC++ but not for C
configure:7483: $? = 0
configure:7496: result: no
configure:7511: checking for bfin-elf-gcc -mcpu=bf561 option to produce PIC
configure:7743: result: -fPIC
configure:7751: checking if bfin-elf-gcc -mcpu=bf561 PIC flag -fPIC works
configure:7769: bfin-elf-gcc -mcpu=bf561 -c -g -O2  -fPIC -DPIC conftest.c >&5
configure:7773: $? = 0
configure:7786: result: yes
configure:7814: checking if bfin-elf-gcc -mcpu=bf561 static flag -static works
configure:7842: result: yes
configure:7852: checking if bfin-elf-gcc -mcpu=bf561 supports -c -o file.o
configure:7873: bfin-elf-gcc -mcpu=bf561 -c -g -O2  -o out/conftest2.o conftest.c >&5
configure:7877: $? = 0
configure:7899: result: yes
configure:7925: checking whether the bfin-elf-gcc -mcpu=bf561 linker (/opt/uClinux/bfin-elf/bfin-elf/bin/ld) supports shared libraries
configure:8906: result: yes
configure:8927: checking whether -lc should be explicitly linked in
configure:8932: bfin-elf-gcc -mcpu=bf561 -c -g -O2  conftest.c >&5
configure:8935: $? = 0
configure:8950: bfin-elf-gcc -mcpu=bf561 -shared conftest.o  -v -Wl,-soname -Wl,conftest -o conftest 2\>\&1 \| grep  -lc  \>/dev/null 2\>\&1
configure:8953: $? = 0
configure:8965: result: no
configure:8973: checking dynamic linker characteristics
configure:9587: result: no
configure:9611: checking how to hardcode library paths into programs
configure:9636: result: immediate
configure:9650: checking whether stripping libraries is possible
configure:9655: result: yes
configure:10457: checking if libtool supports shared libraries
configure:10459: result: no
configure:10462: checking whether to build shared libraries
configure:10483: result: no
configure:10486: checking whether to build static libraries
configure:10490: result: yes
configure:10584: creating libtool
configure:11177: checking for ld used by bfin-elf-g++
configure:11244: result: /opt/uClinux/bfin-elf/bfin-elf/bin/ld
configure:11253: checking if the linker (/opt/uClinux/bfin-elf/bfin-elf/bin/ld) is GNU ld
configure:11268: result: yes
configure:11319: checking whether the bfin-elf-g++ linker (/opt/uClinux/bfin-elf/bfin-elf/bin/ld) supports shared libraries
configure:12265: result: no
configure:12282: bfin-elf-g++ -c -g -O2  conftest.cpp >&5
configure:12285: $? = 0
configure:12441: checking for bfin-elf-g++ option to produce PIC
configure:12725: result: -fPIC
configure:12733: checking if bfin-elf-g++ PIC flag -fPIC works
configure:12751: bfin-elf-g++ -c -g -O2  -fPIC -DPIC conftest.cpp >&5
configure:12755: $? = 0
configure:12768: result: yes
configure:12796: checking if bfin-elf-g++ static flag -static works
configure:12824: result: no
configure:12834: checking if bfin-elf-g++ supports -c -o file.o
configure:12855: bfin-elf-g++ -c -g -O2  -o out/conftest2.o conftest.cpp >&5
configure:12859: $? = 0
configure:12881: result: yes
configure:12907: checking whether the bfin-elf-g++ linker (/opt/uClinux/bfin-elf/bfin-elf/bin/ld) supports shared libraries
configure:12936: result: no
configure:13003: checking dynamic linker characteristics
configure:13565: result: no
configure:13589: checking how to hardcode library paths into programs
configure:13614: result: immediate
configure:19865: checking for an ANSI C-conforming const
configure:19940: bfin-elf-gcc -mcpu=bf561 -c -g -O2  conftest.c >&5
configure:19946: $? = 0
configure:19961: result: yes
configure:19971: checking for size_t
configure:20001: bfin-elf-gcc -mcpu=bf561 -c -g -O2  conftest.c >&5
configure:20007: $? = 0
configure:20022: result: yes
configure:20035: checking for uint8_t
configure:20066: bfin-elf-gcc -mcpu=bf561 -c -g -O2  conftest.c >&5
configure:20072: $? = 0
configure:20093: result: yes
configure:20111: checking for uint16_t
configure:20142: bfin-elf-gcc -mcpu=bf561 -c -g -O2  conftest.c >&5
configure:20148: $? = 0
configure:20169: result: yes
configure:20183: checking for uint32_t
configure:20214: bfin-elf-gcc -mcpu=bf561 -c -g -O2  conftest.c >&5
configure:20220: $? = 0
configure:20241: result: yes
configure:20259: checking for uint64_t
configure:20290: bfin-elf-gcc -mcpu=bf561 -c -g -O2  conftest.c >&5
configure:20296: $? = 0
configure:20317: result: yes
configure:20460: creating ./config.status

## ---------------------- ##
## Running config.status. ##
## ---------------------- ##

This file was extended by mcapi config.status 0.0.1, which was
generated by GNU Autoconf 2.61.  Invocation command line was

  CONFIG_FILES    = 
  CONFIG_HEADERS  = 
  CONFIG_LINKS    = 
  CONFIG_COMMANDS = 
  $ ./config.status 

on debiansteven

config.status:664: creating Makefile
config.status:664: creating config.h
config.status:935: executing depfiles commands

## ---------------- ##
## Cache variables. ##
## ---------------- ##

ac_cv_build=i686-pc-linux-gnulibc1
ac_cv_c_compiler_gnu=yes
ac_cv_c_const=yes
ac_cv_c_uint16_t=yes
ac_cv_c_uint32_t=yes
ac_cv_c_uint64_t=yes
ac_cv_c_uint8_t=yes
ac_cv_cxx_compiler_gnu=yes
ac_cv_env_CCC_set=
ac_cv_env_CCC_value=
ac_cv_env_CC_set=set
ac_cv_env_CC_value='bfin-elf-gcc -mcpu=bf561'
ac_cv_env_CFLAGS_set=
ac_cv_env_CFLAGS_value=
ac_cv_env_CPPFLAGS_set=
ac_cv_env_CPPFLAGS_value=
ac_cv_env_CPP_set=
ac_cv_env_CPP_value=
ac_cv_env_CXXCPP_set=
ac_cv_env_CXXCPP_value=
ac_cv_env_CXXFLAGS_set=
ac_cv_env_CXXFLAGS_value=
ac_cv_env_CXX_set=
ac_cv_env_CXX_value=
ac_cv_env_F77_set=
ac_cv_env_F77_value=
ac_cv_env_FFLAGS_set=
ac_cv_env_FFLAGS_value=
ac_cv_env_LDFLAGS_set=
ac_cv_env_LDFLAGS_value=
ac_cv_env_LIBS_set=
ac_cv_env_LIBS_value=
ac_cv_env_build_alias_set=
ac_cv_env_build_alias_value=
ac_cv_env_host_alias_set=set
ac_cv_env_host_alias_value=bfin-elf
ac_cv_env_target_alias_set=
ac_cv_env_target_alias_value=
ac_cv_f77_compiler_gnu=no
ac_cv_header_dlfcn_h=no
ac_cv_header_inttypes_h=yes
ac_cv_header_memory_h=no
ac_cv_header_stdc=yes
ac_cv_header_stdint_h=yes
ac_cv_header_stdlib_h=yes
ac_cv_header_string_h=yes
ac_cv_header_strings_h=no
ac_cv_header_sys_stat_h=yes
ac_cv_header_sys_types_h=yes
ac_cv_header_unistd_h=yes
ac_cv_host=bfin-unknown-elf
ac_cv_objext=o
ac_cv_path_EGREP='/bin/grep -E'
ac_cv_path_GREP=/bin/grep
ac_cv_path_install='/usr/bin/install -c'
ac_cv_path_mkdir=/bin/mkdir
ac_cv_prog_AR=bfin-elf-ar
ac_cv_prog_AWK=gawk
ac_cv_prog_CC='bfin-elf-gcc -mcpu=bf561'
ac_cv_prog_CPP='bfin-elf-gcc -mcpu=bf561 -E'
ac_cv_prog_CXX=bfin-elf-g++
ac_cv_prog_CXXCPP='bfin-elf-g++ -E'
ac_cv_prog_RANLIB=bfin-elf-ranlib
ac_cv_prog_STRIP=bfin-elf-strip
ac_cv_prog_cc_c89=
ac_cv_prog_cc_g=yes
ac_cv_prog_cxx_g=yes
ac_cv_prog_f77_g=no
ac_cv_prog_make_make_set=yes
ac_cv_type_size_t=yes
am_cv_CC_dependencies_compiler_type=gcc3
am_cv_CXX_dependencies_compiler_type=gcc3
lt_cv_deplibs_check_method=unknown
lt_cv_file_magic_cmd='$MAGIC_CMD'
lt_cv_file_magic_test_file=
lt_cv_ld_reload_flag=-r
lt_cv_objdir=.libs
lt_cv_path_LD=/opt/uClinux/bfin-elf/bfin-elf/bin/ld
lt_cv_path_LDCXX=/opt/uClinux/bfin-elf/bfin-elf/bin/ld
lt_cv_path_NM='/opt/uClinux/bfin-elf/bin/bfin-elf-nm -B'
lt_cv_path_SED=/bin/sed
lt_cv_prog_compiler_c_o=yes
lt_cv_prog_compiler_c_o_CXX=yes
lt_cv_prog_compiler_pic_works=yes
lt_cv_prog_compiler_pic_works_CXX=yes
lt_cv_prog_compiler_rtti_exceptions=no
lt_cv_prog_compiler_static_works=yes
lt_cv_prog_compiler_static_works_CXX=no
lt_cv_prog_gnu_ld=yes
lt_cv_prog_gnu_ldcxx=yes
lt_cv_sys_global_symbol_pipe='sed -n -e '\''s/^.*[ 	]\([ABCDGIRSTW][ABCDGIRSTW]*\)[ 	][ 	]*_\([_A-Za-z][_A-Za-z0-9]*\)$/\1 _\2 \2/p'\'''
lt_cv_sys_global_symbol_to_c_name_address='sed -n -e '\''s/^: \([^ ]*\) $/  {\"\1\", (lt_ptr) 0},/p'\'' -e '\''s/^[BCDEGRST] \([^ ]*\) \([^ ]*\)$/  {"\2", (lt_ptr) \&\2},/p'\'''
lt_cv_sys_global_symbol_to_cdecl='sed -n -e '\''s/^. .* \(.*\)$/extern int \1;/p'\'''
lt_cv_sys_lib_dlsearch_path_spec='/lib /usr/lib'
lt_cv_sys_lib_search_path_spec='/opt/uClinux/bfin-elf/lib/gcc/bfin-elf/4.3.5 /opt/uClinux/bfin-elf/bfin-elf/lib'
lt_cv_sys_max_cmd_len=98304
lt_lt_cv_prog_compiler_c_o='"yes"'
lt_lt_cv_prog_compiler_c_o_CXX='"yes"'
lt_lt_cv_sys_global_symbol_pipe='"sed -n -e '\''s/^.*[ 	]\\([ABCDGIRSTW][ABCDGIRSTW]*\\)[ 	][ 	]*_\\([_A-Za-z][_A-Za-z0-9]*\\)\$/\\1 _\\2 \\2/p'\''"'
lt_lt_cv_sys_global_symbol_to_c_name_address='"sed -n -e '\''s/^: \\([^ ]*\\) \$/  {\\\"\\1\\\", (lt_ptr) 0},/p'\'' -e '\''s/^[BCDEGRST] \\([^ ]*\\) \\([^ ]*\\)\$/  {\"\\2\", (lt_ptr) \\&\\2},/p'\''"'
lt_lt_cv_sys_global_symbol_to_cdecl='"sed -n -e '\''s/^. .* \\(.*\\)\$/extern int \\1;/p'\''"'

## ----------------- ##
## Output variables. ##
## ----------------- ##

ACLOCAL='${SHELL} /home/steven/uclinux-dist/user/blkfin-apps/icc_utils/libmcapi_coreb/missing --run aclocal-1.10'
AMDEPBACKSLASH='\'
AMDEP_FALSE='#'
AMDEP_TRUE=''
AMTAR='${SHELL} /home/steven/uclinux-dist/user/blkfin-apps/icc_utils/libmcapi_coreb/missing --run tar'
AR='bfin-elf-ar'
AUTOCONF='${SHELL} /home/steven/uclinux-dist/user/blkfin-apps/icc_utils/libmcapi_coreb/missing --run autoconf'
AUTOHEADER='${SHELL} /home/steven/uclinux-dist/user/blkfin-apps/icc_utils/libmcapi_coreb/missing --run autoheader'
AUTOMAKE='${SHELL} /home/steven/uclinux-dist/user/blkfin-apps/icc_utils/libmcapi_coreb/missing --run automake-1.10'
AWK='gawk'
CC='bfin-elf-gcc -mcpu=bf561'
CCDEPMODE='depmode=gcc3'
CFLAGS='-g -O2'
CPP='bfin-elf-gcc -mcpu=bf561 -E'
CPPFLAGS=''
CXX='bfin-elf-g++'
CXXCPP='bfin-elf-g++ -E'
CXXDEPMODE='depmode=gcc3'
CXXFLAGS='-g -O2'
CYGPATH_W='echo'
DEFS='-DHAVE_CONFIG_H'
DEPDIR='.deps'
DSYMUTIL=''
ECHO='echo'
ECHO_C=''
ECHO_N='-n'
ECHO_T=''
EGREP='/bin/grep -E'
EXEEXT=''
F77=''
FFLAGS=''
GREP='/bin/grep'
INSTALL_DATA='${INSTALL} -m 644'
INSTALL_PROGRAM='${INSTALL}'
INSTALL_SCRIPT='${INSTALL}'
INSTALL_STRIP_PROGRAM='$(install_sh) -c -s'
LDFLAGS=''
LIBOBJS=''
LIBS=''
LIBTOOL='$(SHELL) $(top_builddir)/libtool'
LN_S='ln -s'
LTLIBOBJS=''
MAKEINFO='${SHELL} /home/steven/uclinux-dist/user/blkfin-apps/icc_utils/libmcapi_coreb/missing --run makeinfo'
NMEDIT=''
OBJEXT='o'
PACKAGE='mcapi'
PACKAGE_BUGREPORT=''
PACKAGE_NAME='mcapi'
PACKAGE_STRING='mcapi 0.0.1'
PACKAGE_TARNAME='mcapi'
PACKAGE_VERSION='0.0.1'
PATH_SEPARATOR=':'
RANLIB='bfin-elf-ranlib'
SED='/bin/sed'
SET_MAKE=''
SHELL='/bin/sh'
STRIP='bfin-elf-strip'
VERSION='0.0.1'
ac_ct_CC=''
ac_ct_CXX=''
ac_ct_F77=''
am__fastdepCC_FALSE='#'
am__fastdepCC_TRUE=''
am__fastdepCXX_FALSE='#'
am__fastdepCXX_TRUE=''
am__include='include'
am__isrc=''
am__leading_dot='.'
am__quote=''
am__tar='${AMTAR} chof - "$$tardir"'
am__untar='${AMTAR} xf -'
bindir='${exec_prefix}/bin'
build='i686-pc-linux-gnulibc1'
build_alias=''
build_cpu='i686'
build_os='linux-gnulibc1'
build_vendor='pc'
datadir='${datarootdir}'
datarootdir='${prefix}/share'
docdir='${datarootdir}/doc/${PACKAGE_TARNAME}'
dvidir='${docdir}'
exec_prefix='${prefix}'
host='bfin-unknown-elf'
host_alias='bfin-elf'
host_cpu='bfin'
host_os='elf'
host_vendor='unknown'
htmldir='${docdir}'
includedir='${prefix}/include'
infodir='${datarootdir}/info'
install_sh='$(SHELL) /home/steven/uclinux-dist/user/blkfin-apps/icc_utils/libmcapi_coreb/install-sh'
libdir='${exec_prefix}/lib'
libexecdir='${exec_prefix}/libexec'
localedir='${datarootdir}/locale'
localstatedir='${prefix}/var'
mandir='${datarootdir}/man'
mkdir_p='/bin/mkdir -p'
oldincludedir='/usr/include'
pdfdir='${docdir}'
prefix='/usr/local'
program_transform_name='s,x,x,'
psdir='${docdir}'
sbindir='${exec_prefix}/sbin'
sharedstatedir='${prefix}/com'
sysconfdir='${prefix}/etc'
target_alias=''

## ----------- ##
## confdefs.h. ##
## ----------- ##

#define PACKAGE_NAME "mcapi"
#define PACKAGE_TARNAME "mcapi"
#define PACKAGE_VERSION "0.0.1"
#define PACKAGE_STRING "mcapi 0.0.1"
#define PACKAGE_BUGREPORT ""
#define PACKAGE "mcapi"
#define VERSION "0.0.1"
#define STDC_HEADERS 1
#define HAVE_SYS_TYPES_H 1
#define HAVE_SYS_STAT_H 1
#define HAVE_STDLIB_H 1
#define HAVE_STRING_H 1
#define HAVE_INTTYPES_H 1
#define HAVE_STDINT_H 1
#define HAVE_UNISTD_H 1

configure: exit 0
