This file contains any messages produced by compilers while
running configure, to aid debugging if configure makes a mistake.

It was created by libjpeg configure 7.0, which was
generated by GNU Autoconf 2.65.  Invocation command line was

  $ ./configure --host=bfin-elf --prefix=/usr host_alias=bfin-elf CC=bfin-elf-gcc -mcpu=bf561 CFLAGS=-Wall -mlong-calls --no-create --no-recursion

## --------- ##
## Platform. ##
## --------- ##

hostname = lab-desktop
uname -m = i686
uname -r = 2.6.32-41-generic
uname -s = Linux
uname -v = #88-Ubuntu SMP Thu Mar 29 13:08:43 UTC 2012

/usr/bin/uname -p = unknown
/bin/uname -X     = unknown

/bin/arch              = unknown
/usr/bin/arch -k       = unknown
/usr/convex/getsysinfo = unknown
/usr/bin/hostinfo      = unknown
/bin/machine           = unknown
/usr/bin/oslevel       = unknown
/bin/universe          = unknown

PATH: /usr/local/sbin
PATH: /usr/local/bin
PATH: /usr/sbin
PATH: /usr/bin
PATH: /sbin
PATH: /bin
PATH: /usr/games
PATH: /opt/uClinux/bfin-uclinux/bin
PATH: /opt/uClinux/bfin-linux-uclibc/bin
PATH: /opt/jtag
PATH: /opt/uClinux/bfin-elf/bin
PATH: /opt/jtag/opt/uClinux/bfin-linux-uclibc/bin
PATH: /opt/jtag/opt/uClinux/bfin-uclinux/bin
PATH: /opt/arm-2009q1/bin


## ----------- ##
## Core tests. ##
## ----------- ##

configure:2370: checking build system type
configure:2384: result: i686-pc-linux-gnulibc1
configure:2404: checking host system type
configure:2417: result: bfin-unknown-elf
configure:2437: checking target system type
configure:2450: result: bfin-unknown-elf
configure:2495: checking for a BSD-compatible install
configure:2563: result: /usr/bin/install -c
configure:2574: checking whether build environment is sane
configure:2624: result: yes
configure:2673: checking for bfin-elf-strip
configure:2689: found /opt/uClinux/bfin-elf/bin/bfin-elf-strip
configure:2700: result: bfin-elf-strip
configure:2765: checking for a thread-safe mkdir -p
configure:2804: result: /bin/mkdir -p
configure:2817: checking for gawk
configure:2833: found /usr/bin/gawk
configure:2844: result: gawk
configure:2855: checking whether make sets $(MAKE)
configure:2877: result: yes
configure:2987: checking for style of include used by make
configure:3015: result: GNU
configure:3045: checking for bfin-elf-gcc
configure:3072: result: bfin-elf-gcc -mcpu=bf561
configure:3341: checking for C compiler version
configure:3350: bfin-elf-gcc -mcpu=bf561 --version >&5
bfin-elf-gcc (ADI-2012R2-RC2) 4.3.5
Copyright (C) 2008 Free Software Foundation, Inc.
This is free software; see the source for copying conditions.  There is NO
warranty; not even for MERCHANTABILITY or FITNESS FOR A PARTICULAR PURPOSE.

configure:3361: $? = 0
configure:3350: bfin-elf-gcc -mcpu=bf561 -v >&5
Using built-in specs.
Target: bfin-elf
Configured with: /usr/src/packages/BUILD/blackfin-toolchain-2012R2/gcc-4.3/configure --build=i686-pc-linux-gnu --host=i686-pc-linux-gnu --target=bfin-elf --prefix=/opt/uClinux/bfin-elf --disable-libstdcxx-pch --enable-languages=c,c++ --with-newlib --enable-clocale=generic --disable-symvers --disable-libssp --disable-libffi --disable-libgcj --enable-version-specific-runtime-libs --enable-__cxa_atexit --with-bugurl=URL:http://blackfin.uclinux.org/gf/project/toolchain/tracker --with-pkgversion=ADI-2012R2-RC2
Thread model: single
gcc version 4.3.5 (ADI-2012R2-RC2) 
configure:3361: $? = 0
configure:3350: bfin-elf-gcc -mcpu=bf561 -V >&5
bfin-elf-gcc: '-V' must come at the start of the command line
configure:3361: $? = 1
configure:3350: bfin-elf-gcc -mcpu=bf561 -qversion >&5
bfin-elf-gcc: no input files
configure:3361: $? = 1
configure:3381: checking whether the C compiler works
configure:3403: bfin-elf-gcc -mcpu=bf561 -Wall -mlong-calls   conftest.c  >&5
configure:3407: $? = 0
configure:3456: result: yes
configure:3459: checking for C compiler default output file name
configure:3461: result: a.out
configure:3467: checking for suffix of executables
configure:3474: bfin-elf-gcc -mcpu=bf561 -o conftest -Wall -mlong-calls   conftest.c  >&5
configure:3478: $? = 0
configure:3500: result: 
configure:3522: checking whether we are cross compiling
configure:3530: bfin-elf-gcc -mcpu=bf561 -o conftest -Wall -mlong-calls   conftest.c  >&5
/opt/uClinux_2012R2_RC2_full/bfin-elf/bin/../lib/gcc/bfin-elf/4.3.5/../../../../bfin-elf/lib/libc.a(lib_a-closer.o): In function `_close_r':
/usr/src/packages/BUILD/blackfin-toolchain-2012R2/gcc-4.3/newlib/libc/reent/closer.c:53: warning: _close is not implemented and will always fail
/opt/uClinux_2012R2_RC2_full/bfin-elf/bin/../lib/gcc/bfin-elf/4.3.5/../../../../bfin-elf/lib/libc.a(lib_a-fstatr.o): In function `_fstat_r':
/usr/src/packages/BUILD/blackfin-toolchain-2012R2/gcc-4.3/newlib/libc/reent/fstatr.c:62: warning: _fstat is not implemented and will always fail
/opt/uClinux_2012R2_RC2_full/bfin-elf/bin/../lib/gcc/bfin-elf/4.3.5/../../../../bfin-elf/lib/libc.a(lib_a-isattyr.o): In function `_isatty_r':
/usr/src/packages/BUILD/blackfin-toolchain-2012R2/gcc-4.3/newlib/libc/reent/isattyr.c:58: warning: _isatty is not implemented and will always fail
/opt/uClinux_2012R2_RC2_full/bfin-elf/bin/../lib/gcc/bfin-elf/4.3.5/../../../../bfin-elf/lib/libc.a(lib_a-lseekr.o): In function `_lseek_r':
/usr/src/packages/BUILD/blackfin-toolchain-2012R2/gcc-4.3/newlib/libc/reent/lseekr.c:58: warning: _lseek is not implemented and will always fail
/opt/uClinux_2012R2_RC2_full/bfin-elf/bin/../lib/gcc/bfin-elf/4.3.5/../../../../bfin-elf/lib/libc.a(lib_a-openr.o): In function `_open_r':
/usr/src/packages/BUILD/blackfin-toolchain-2012R2/gcc-4.3/newlib/libc/reent/openr.c:59: warning: _open is not implemented and will always fail
/opt/uClinux_2012R2_RC2_full/bfin-elf/bin/../lib/gcc/bfin-elf/4.3.5/../../../../bfin-elf/lib/libc.a(lib_a-readr.o): In function `_read_r':
/usr/src/packages/BUILD/blackfin-toolchain-2012R2/gcc-4.3/newlib/libc/reent/readr.c:58: warning: _read is not implemented and will always fail
/opt/uClinux_2012R2_RC2_full/bfin-elf/bin/../lib/gcc/bfin-elf/4.3.5/../../../../bfin-elf/lib/libc.a(lib_a-writer.o): In function `_write_r':
/usr/src/packages/BUILD/blackfin-toolchain-2012R2/gcc-4.3/newlib/libc/reent/writer.c:58: warning: _write is not implemented and will always fail
configure:3534: $? = 0
configure:3541: ./conftest
./configure: line 3543: ./conftest: cannot execute binary file
configure:3545: $? = 126
configure:3560: result: yes
configure:3565: checking for suffix of object files
configure:3587: bfin-elf-gcc -mcpu=bf561 -c -Wall -mlong-calls  conftest.c >&5
configure:3591: $? = 0
configure:3612: result: o
configure:3616: checking whether we are using the GNU C compiler
configure:3635: bfin-elf-gcc -mcpu=bf561 -c -Wall -mlong-calls  conftest.c >&5
configure:3635: $? = 0
configure:3644: result: yes
configure:3653: checking whether bfin-elf-gcc -mcpu=bf561 accepts -g
configure:3673: bfin-elf-gcc -mcpu=bf561 -c -g  conftest.c >&5
configure:3673: $? = 0
configure:3714: result: yes
configure:3731: checking for bfin-elf-gcc -mcpu=bf561 option to accept ISO C89
configure:3795: bfin-elf-gcc -mcpu=bf561  -c -Wall -mlong-calls  conftest.c >&5
configure:3795: $? = 0
configure:3808: result: none needed
configure:3830: checking dependency style of bfin-elf-gcc -mcpu=bf561
configure:3940: result: gcc3
configure:3955: checking for function prototypes
configure:3958: result: yes
configure:3977: checking how to run the C preprocessor
configure:4008: bfin-elf-gcc -mcpu=bf561 -E  conftest.c
configure:4008: $? = 0
configure:4022: bfin-elf-gcc -mcpu=bf561 -E  conftest.c
conftest.c:13:28: error: ac_nonexistent.h: No such file or directory
configure:4022: $? = 1
configure: failed program was:
| /* confdefs.h */
| #define PACKAGE_NAME "libjpeg"
| #define PACKAGE_TARNAME "libjpeg"
| #define PACKAGE_VERSION "7.0"
| #define PACKAGE_STRING "libjpeg 7.0"
| #define PACKAGE_BUGREPORT ""
| #define PACKAGE_URL ""
| #define PACKAGE "libjpeg"
| #define VERSION "7.0"
| #define PROTOTYPES 1
| #define __PROTOTYPES 1
| /* end confdefs.h.  */
| #include <ac_nonexistent.h>
configure:4047: result: bfin-elf-gcc -mcpu=bf561 -E
configure:4067: bfin-elf-gcc -mcpu=bf561 -E  conftest.c
configure:4067: $? = 0
configure:4081: bfin-elf-gcc -mcpu=bf561 -E  conftest.c
conftest.c:13:28: error: ac_nonexistent.h: No such file or directory
configure:4081: $? = 1
configure: failed program was:
| /* confdefs.h */
| #define PACKAGE_NAME "libjpeg"
| #define PACKAGE_TARNAME "libjpeg"
| #define PACKAGE_VERSION "7.0"
| #define PACKAGE_STRING "libjpeg 7.0"
| #define PACKAGE_BUGREPORT ""
| #define PACKAGE_URL ""
| #define PACKAGE "libjpeg"
| #define VERSION "7.0"
| #define PROTOTYPES 1
| #define __PROTOTYPES 1
| /* end confdefs.h.  */
| #include <ac_nonexistent.h>
configure:4110: checking for grep that handles long lines and -e
configure:4168: result: /bin/grep
configure:4173: checking for egrep
configure:4235: result: /bin/grep -E
configure:4240: checking for ANSI C header files
configure:4260: bfin-elf-gcc -mcpu=bf561 -c -Wall -mlong-calls  conftest.c >&5
configure:4260: $? = 0
configure:4344: result: yes
configure:4357: checking for sys/types.h
configure:4357: bfin-elf-gcc -mcpu=bf561 -c -Wall -mlong-calls  conftest.c >&5
configure:4357: $? = 0
configure:4357: result: yes
configure:4357: checking for sys/stat.h
configure:4357: bfin-elf-gcc -mcpu=bf561 -c -Wall -mlong-calls  conftest.c >&5
configure:4357: $? = 0
configure:4357: result: yes
configure:4357: checking for stdlib.h
configure:4357: bfin-elf-gcc -mcpu=bf561 -c -Wall -mlong-calls  conftest.c >&5
configure:4357: $? = 0
configure:4357: result: yes
configure:4357: checking for string.h
configure:4357: bfin-elf-gcc -mcpu=bf561 -c -Wall -mlong-calls  conftest.c >&5
configure:4357: $? = 0
configure:4357: result: yes
configure:4357: checking for memory.h
configure:4357: bfin-elf-gcc -mcpu=bf561 -c -Wall -mlong-calls  conftest.c >&5
conftest.c:52:20: error: memory.h: No such file or directory
configure:4357: $? = 1
configure: failed program was:
| /* confdefs.h */
| #define PACKAGE_NAME "libjpeg"
| #define PACKAGE_TARNAME "libjpeg"
| #define PACKAGE_VERSION "7.0"
| #define PACKAGE_STRING "libjpeg 7.0"
| #define PACKAGE_BUGREPORT ""
| #define PACKAGE_URL ""
| #define PACKAGE "libjpeg"
| #define VERSION "7.0"
| #define PROTOTYPES 1
| #define __PROTOTYPES 1
| #define STDC_HEADERS 1
| #define HAVE_SYS_TYPES_H 1
| #define HAVE_SYS_STAT_H 1
| #define HAVE_STDLIB_H 1
| #define HAVE_STRING_H 1
| /* end confdefs.h.  */
| #include <stdio.h>
| #ifdef HAVE_SYS_TYPES_H
| # include <sys/types.h>
| #endif
| #ifdef HAVE_SYS_STAT_H
| # include <sys/stat.h>
| #endif
| #ifdef STDC_HEADERS
| # include <stdlib.h>
| # include <stddef.h>
| #else
| # ifdef HAVE_STDLIB_H
| #  include <stdlib.h>
| # endif
| #endif
| #ifdef HAVE_STRING_H
| # if !defined STDC_HEADERS && defined HAVE_MEMORY_H
| #  include <memory.h>
| # endif
| # include <string.h>
| #endif
| #ifdef HAVE_STRINGS_H
| # include <strings.h>
| #endif
| #ifdef HAVE_INTTYPES_H
| # include <inttypes.h>
| #endif
| #ifdef HAVE_STDINT_H
| # include <stdint.h>
| #endif
| #ifdef HAVE_UNISTD_H
| # include <unistd.h>
| #endif
| 
| #include <memory.h>
configure:4357: result: no
configure:4357: checking for strings.h
configure:4357: bfin-elf-gcc -mcpu=bf561 -c -Wall -mlong-calls  conftest.c >&5
configure:4357: $? = 0
configure:4357: result: yes
configure:4357: checking for inttypes.h
configure:4357: bfin-elf-gcc -mcpu=bf561 -c -Wall -mlong-calls  conftest.c >&5
configure:4357: $? = 0
configure:4357: result: yes
configure:4357: checking for stdint.h
configure:4357: bfin-elf-gcc -mcpu=bf561 -c -Wall -mlong-calls  conftest.c >&5
configure:4357: $? = 0
configure:4357: result: yes
configure:4357: checking for unistd.h
configure:4357: bfin-elf-gcc -mcpu=bf561 -c -Wall -mlong-calls  conftest.c >&5
configure:4357: $? = 0
configure:4357: result: yes
configure:4380: checking for string.h
configure:4380: result: yes
configure:4396: checking whether to enable maintainer-specific portions of Makefiles
configure:4405: result: no
configure:4428: checking for bfin-elf-gcc
configure:4455: result: bfin-elf-gcc -mcpu=bf561
configure:4724: checking for C compiler version
configure:4733: bfin-elf-gcc -mcpu=bf561 --version >&5
bfin-elf-gcc (ADI-2012R2-RC2) 4.3.5
Copyright (C) 2008 Free Software Foundation, Inc.
This is free software; see the source for copying conditions.  There is NO
warranty; not even for MERCHANTABILITY or FITNESS FOR A PARTICULAR PURPOSE.

configure:4744: $? = 0
configure:4733: bfin-elf-gcc -mcpu=bf561 -v >&5
Using built-in specs.
Target: bfin-elf
Configured with: /usr/src/packages/BUILD/blackfin-toolchain-2012R2/gcc-4.3/configure --build=i686-pc-linux-gnu --host=i686-pc-linux-gnu --target=bfin-elf --prefix=/opt/uClinux/bfin-elf --disable-libstdcxx-pch --enable-languages=c,c++ --with-newlib --enable-clocale=generic --disable-symvers --disable-libssp --disable-libffi --disable-libgcj --enable-version-specific-runtime-libs --enable-__cxa_atexit --with-bugurl=URL:http://blackfin.uclinux.org/gf/project/toolchain/tracker --with-pkgversion=ADI-2012R2-RC2
Thread model: single
gcc version 4.3.5 (ADI-2012R2-RC2) 
configure:4744: $? = 0
configure:4733: bfin-elf-gcc -mcpu=bf561 -V >&5
bfin-elf-gcc: '-V' must come at the start of the command line
configure:4744: $? = 1
configure:4733: bfin-elf-gcc -mcpu=bf561 -qversion >&5
bfin-elf-gcc: no input files
configure:4744: $? = 1
configure:4748: checking whether we are using the GNU C compiler
configure:4776: result: yes
configure:4785: checking whether bfin-elf-gcc -mcpu=bf561 accepts -g
configure:4846: result: yes
configure:4863: checking for bfin-elf-gcc -mcpu=bf561 option to accept ISO C89
configure:4940: result: none needed
configure:4962: checking dependency style of bfin-elf-gcc -mcpu=bf561
configure:5072: result: gcc3
configure:5091: checking for bfin-elf-gcc -mcpu=bf561 option to accept ISO C99
configure:5240: bfin-elf-gcc -mcpu=bf561  -c -Wall -mlong-calls  conftest.c >&5
conftest.c:73: error: expected ';', ',' or ')' before 'text'
conftest.c: In function 'main':
conftest.c:125: warning: implicit declaration of function 'test_restrict'
conftest.c:127: error: expected '=', ',', ';', 'asm' or '__attribute__' before 'newvar'
conftest.c:127: error: 'newvar' undeclared (first use in this function)
conftest.c:127: error: (Each undeclared identifier is reported only once
conftest.c:127: error: for each function it appears in.)
conftest.c:137: error: 'for' loop initial declaration used outside C99 mode
configure:5240: $? = 1
configure: failed program was:
| /* confdefs.h */
| #define PACKAGE_NAME "libjpeg"
| #define PACKAGE_TARNAME "libjpeg"
| #define PACKAGE_VERSION "7.0"
| #define PACKAGE_STRING "libjpeg 7.0"
| #define PACKAGE_BUGREPORT ""
| #define PACKAGE_URL ""
| #define PACKAGE "libjpeg"
| #define VERSION "7.0"
| #define PROTOTYPES 1
| #define __PROTOTYPES 1
| #define STDC_HEADERS 1
| #define HAVE_SYS_TYPES_H 1
| #define HAVE_SYS_STAT_H 1
| #define HAVE_STDLIB_H 1
| #define HAVE_STRING_H 1
| #define HAVE_STRINGS_H 1
| #define HAVE_INTTYPES_H 1
| #define HAVE_STDINT_H 1
| #define HAVE_UNISTD_H 1
| #define HAVE_STRING_H 1
| /* end confdefs.h.  */
| #include <stdarg.h>
| #include <stdbool.h>
| #include <stdlib.h>
| #include <wchar.h>
| #include <stdio.h>
| 
| // Check varargs macros.  These examples are taken from C99 6.10.3.5.
| #define debug(...) fprintf (stderr, __VA_ARGS__)
| #define showlist(...) puts (#__VA_ARGS__)
| #define report(test,...) ((test) ? puts (#test) : printf (__VA_ARGS__))
| static void
| test_varargs_macros (void)
| {
|   int x = 1234;
|   int y = 5678;
|   debug ("Flag");
|   debug ("X = %d\n", x);
|   showlist (The first, second, and third items.);
|   report (x>y, "x is %d but y is %d", x, y);
| }
| 
| // Check long long types.
| #define BIG64 18446744073709551615ull
| #define BIG32 4294967295ul
| #define BIG_OK (BIG64 / BIG32 == 4294967297ull && BIG64 % BIG32 == 0)
| #if !BIG_OK
|   your preprocessor is broken;
| #endif
| #if BIG_OK
| #else
|   your preprocessor is broken;
| #endif
| static long long int bignum = -9223372036854775807LL;
| static unsigned long long int ubignum = BIG64;
| 
| struct incomplete_array
| {
|   int datasize;
|   double data[];
| };
| 
| struct named_init {
|   int number;
|   const wchar_t *name;
|   double average;
| };
| 
| typedef const char *ccp;
| 
| static inline int
| test_restrict (ccp restrict text)
| {
|   // See if C++-style comments work.
|   // Iterate through items via the restricted pointer.
|   // Also check for declarations in for loops.
|   for (unsigned int i = 0; *(text+i) != '\0'; ++i)
|     continue;
|   return 0;
| }
| 
| // Check varargs and va_copy.
| static void
| test_varargs (const char *format, ...)
| {
|   va_list args;
|   va_start (args, format);
|   va_list args_copy;
|   va_copy (args_copy, args);
| 
|   const char *str;
|   int number;
|   float fnumber;
| 
|   while (*format)
|     {
|       switch (*format++)
| 	{
| 	case 's': // string
| 	  str = va_arg (args_copy, const char *);
| 	  break;
| 	case 'd': // int
| 	  number = va_arg (args_copy, int);
| 	  break;
| 	case 'f': // float
| 	  fnumber = va_arg (args_copy, double);
| 	  break;
| 	default:
| 	  break;
| 	}
|     }
|   va_end (args_copy);
|   va_end (args);
| }
| 
| int
| main ()
| {
| 
|   // Check bool.
|   _Bool success = false;
| 
|   // Check restrict.
|   if (test_restrict ("String literal") == 0)
|     success = true;
|   char *restrict newvar = "Another string";
| 
|   // Check varargs.
|   test_varargs ("s, d' f .", "string", 65, 34.234);
|   test_varargs_macros ();
| 
|   // Check flexible array members.
|   struct incomplete_array *ia =
|     malloc (sizeof (struct incomplete_array) + (sizeof (double) * 10));
|   ia->datasize = 10;
|   for (int i = 0; i < ia->datasize; ++i)
|     ia->data[i] = i * 1.234;
| 
|   // Check named initializers.
|   struct named_init ni = {
|     .number = 34,
|     .name = L"Test wide string",
|     .average = 543.34343,
|   };
| 
|   ni.number = 58;
| 
|   int dynamic_array[ni.number];
|   dynamic_array[ni.number - 1] = 543;
| 
|   // work around unused variable warnings
|   return (!success || bignum == 0LL || ubignum == 0uLL || newvar[0] == 'x'
| 	  || dynamic_array[ni.number - 1] != 543);
| 
|   ;
|   return 0;
| }
configure:5240: bfin-elf-gcc -mcpu=bf561 -std=gnu99 -c -Wall -mlong-calls  conftest.c >&5
configure:5240: $? = 0
configure:5260: result: -std=gnu99
configure:5362: checking for bfin-elf-gcc -mcpu=bf561 -std=gnu99 option to accept ISO Standard C
configure:5376: result: -std=gnu99
configure:5385: checking how to run the C preprocessor
configure:5455: result: bfin-elf-gcc -mcpu=bf561 -E
configure:5475: bfin-elf-gcc -mcpu=bf561 -E  conftest.c
configure:5475: $? = 0
configure:5489: bfin-elf-gcc -mcpu=bf561 -E  conftest.c
conftest.c:23:28: error: ac_nonexistent.h: No such file or directory
configure:5489: $? = 1
configure: failed program was:
| /* confdefs.h */
| #define PACKAGE_NAME "libjpeg"
| #define PACKAGE_TARNAME "libjpeg"
| #define PACKAGE_VERSION "7.0"
| #define PACKAGE_STRING "libjpeg 7.0"
| #define PACKAGE_BUGREPORT ""
| #define PACKAGE_URL ""
| #define PACKAGE "libjpeg"
| #define VERSION "7.0"
| #define PROTOTYPES 1
| #define __PROTOTYPES 1
| #define STDC_HEADERS 1
| #define HAVE_SYS_TYPES_H 1
| #define HAVE_SYS_STAT_H 1
| #define HAVE_STDLIB_H 1
| #define HAVE_STRING_H 1
| #define HAVE_STRINGS_H 1
| #define HAVE_INTTYPES_H 1
| #define HAVE_STDINT_H 1
| #define HAVE_UNISTD_H 1
| #define HAVE_STRING_H 1
| /* end confdefs.h.  */
| #include <ac_nonexistent.h>
configure:5518: checking whether make sets $(MAKE)
configure:5540: result: yes
configure:5549: checking whether ln -s works
configure:5553: result: yes
configure:5569: checking dependency style of bfin-elf-gcc -mcpu=bf561 -std=gnu99
configure:5677: result: gcc3
configure:5701: checking if LD -Wl,--version-script works
configure:5725: bfin-elf-gcc -mcpu=bf561 -std=gnu99 -o conftest -Wall -mlong-calls   -Wl,--version-script=conftest.map conftest.c  >&5
configure:5725: $? = 0
configure:5734: result: yes
configure:5747: checking for function prototypes
configure:5774: bfin-elf-gcc -mcpu=bf561 -std=gnu99 -c -Wall -mlong-calls  conftest.c >&5
configure:5774: $? = 0
configure:5782: result: yes
configure:5800: checking stddef.h usability
configure:5800: bfin-elf-gcc -mcpu=bf561 -std=gnu99 -c -Wall -mlong-calls  conftest.c >&5
configure:5800: $? = 0
configure:5800: result: yes
configure:5800: checking stddef.h presence
configure:5800: bfin-elf-gcc -mcpu=bf561 -E  conftest.c
configure:5800: $? = 0
configure:5800: result: yes
configure:5800: checking for stddef.h
configure:5800: result: yes
configure:5800: checking for stdlib.h
configure:5800: result: yes
configure:5800: checking locale.h usability
configure:5800: bfin-elf-gcc -mcpu=bf561 -std=gnu99 -c -Wall -mlong-calls  conftest.c >&5
configure:5800: $? = 0
configure:5800: result: yes
configure:5800: checking locale.h presence
configure:5800: bfin-elf-gcc -mcpu=bf561 -E  conftest.c
configure:5800: $? = 0
configure:5800: result: yes
configure:5800: checking for locale.h
configure:5800: result: yes
configure:5811: checking for string.h
configure:5811: result: yes
configure:5824: checking for size_t
configure:5851: bfin-elf-gcc -mcpu=bf561 -std=gnu99 -c -Wall -mlong-calls  conftest.c >&5
conftest.c: In function 'main':
conftest.c:45: warning: unused variable 'foovar'
configure:5851: $? = 0
configure:5857: result: yes
configure:5891: checking for type unsigned char
configure:5904: bfin-elf-gcc -mcpu=bf561 -std=gnu99 -c -Wall -mlong-calls  conftest.c >&5
conftest.c: In function 'main':
conftest.c:31: warning: unused variable 'un_char'
configure:5904: $? = 0
configure:5905: result: yes
configure:5915: checking for type unsigned short
configure:5928: bfin-elf-gcc -mcpu=bf561 -std=gnu99 -c -Wall -mlong-calls  conftest.c >&5
conftest.c: In function 'main':
conftest.c:32: warning: unused variable 'un_short'
configure:5928: $? = 0
configure:5929: result: yes
configure:5939: checking for type void
configure:5973: bfin-elf-gcc -mcpu=bf561 -std=gnu99 -c -Wall -mlong-calls  conftest.c >&5
configure:5973: $? = 0
configure:5974: result: yes
configure:5984: checking for an ANSI C-conforming const
configure:6049: bfin-elf-gcc -mcpu=bf561 -std=gnu99 -c -Wall -mlong-calls  conftest.c >&5
configure:6049: $? = 0
configure:6056: result: yes
configure:6066: checking for inline
configure:6081: bfin-elf-gcc -mcpu=bf561 -std=gnu99 -c -Wall -mlong-calls  conftest.c >&5
configure:6081: $? = 0
configure:6119: result: __inline__
configure:6128: checking for broken incomplete types
configure:6141: bfin-elf-gcc -mcpu=bf561 -std=gnu99 -c -Wall -mlong-calls  conftest.c >&5
configure:6141: $? = 0
configure:6142: result: ok
configure:6154: checking for short external names
configure:6170: bfin-elf-gcc -mcpu=bf561 -std=gnu99 -o conftest -Wall -mlong-calls   conftest.c  >&5
configure:6170: $? = 0
configure:6171: result: ok
configure:6184: checking to see if char is signed
configure:6229: checking to see if right shift is signed
configure:6232: result: Assuming that right shift is signed on target machine.
configure:6279: checking to see if fopen accepts b spec
configure:6282: result: Assuming that it does.
configure:6639: checking for a sed that does not truncate output
configure:6703: result: /bin/sed
configure:6721: checking for fgrep
configure:6783: result: /bin/grep -F
configure:6818: checking for ld used by bfin-elf-gcc -mcpu=bf561 -std=gnu99
configure:6885: result: /opt/uClinux_2012R2_RC2_full/bfin-elf/bfin-elf/bin/ld
configure:6892: checking if the linker (/opt/uClinux_2012R2_RC2_full/bfin-elf/bfin-elf/bin/ld) is GNU ld
configure:6907: result: yes
configure:6919: checking for BSD- or MS-compatible name lister (nm)
configure:6968: result: /opt/uClinux/bfin-elf/bin/bfin-elf-nm -B
configure:7086: checking the name lister (/opt/uClinux/bfin-elf/bin/bfin-elf-nm -B) interface
configure:7093: bfin-elf-gcc -mcpu=bf561 -std=gnu99 -c -Wall -mlong-calls  conftest.c >&5
configure:7096: /opt/uClinux/bfin-elf/bin/bfin-elf-nm -B "conftest.o"
configure:7099: output
00000000 B _some_variable
configure:7106: result: BSD nm
configure:7110: checking the maximum length of command line arguments
configure:7230: result: 805306365
configure:7247: checking whether the shell understands some XSI constructs
configure:7257: result: yes
configure:7261: checking whether the shell understands "+="
configure:7267: result: yes
configure:7302: checking for /opt/uClinux_2012R2_RC2_full/bfin-elf/bfin-elf/bin/ld option to reload object files
configure:7309: result: -r
configure:7338: checking for bfin-elf-objdump
configure:7365: result: objdump
configure:7434: checking how to recognize dependent libraries
configure:7630: result: unknown
configure:7650: checking for bfin-elf-ar
configure:7666: found /opt/uClinux/bfin-elf/bin/bfin-elf-ar
configure:7677: result: bfin-elf-ar
configure:7755: checking for bfin-elf-strip
configure:7782: result: bfin-elf-strip
configure:7854: checking for bfin-elf-ranlib
configure:7870: found /opt/uClinux/bfin-elf/bin/bfin-elf-ranlib
configure:7881: result: bfin-elf-ranlib
configure:8011: checking command to parse /opt/uClinux/bfin-elf/bin/bfin-elf-nm -B output from bfin-elf-gcc -mcpu=bf561 -std=gnu99 object
configure:8129: bfin-elf-gcc -mcpu=bf561 -std=gnu99 -c -Wall -mlong-calls  conftest.c >&5
configure:8132: $? = 0
configure:8136: /opt/uClinux/bfin-elf/bin/bfin-elf-nm -B conftest.o \| sed -n -e 's/^.*[	 ]\([ABCDGIRSTW][ABCDGIRSTW]*\)[	 ][	 ]*\([_A-Za-z][_A-Za-z0-9]*\)$/\1 \2 \2/p' \> conftest.nm
configure:8139: $? = 0
cannot find nm_test_var in conftest.nm
configure:8129: bfin-elf-gcc -mcpu=bf561 -std=gnu99 -c -Wall -mlong-calls  conftest.c >&5
configure:8132: $? = 0
configure:8136: /opt/uClinux/bfin-elf/bin/bfin-elf-nm -B conftest.o \| sed -n -e 's/^.*[	 ]\([ABCDGIRSTW][ABCDGIRSTW]*\)[	 ][	 ]*_\([_A-Za-z][_A-Za-z0-9]*\)$/\1 _\2 \2/p' \> conftest.nm
configure:8139: $? = 0
configure:8193: bfin-elf-gcc -mcpu=bf561 -std=gnu99 -o conftest -Wall -mlong-calls   conftest.c conftstm.o >&5
configure:8196: $? = 0
configure:8234: result: ok
configure:9039: checking for dlfcn.h
configure:9039: bfin-elf-gcc -mcpu=bf561 -std=gnu99 -c -Wall -mlong-calls  conftest.c >&5
conftest.c:64:19: error: dlfcn.h: No such file or directory
configure:9039: $? = 1
configure: failed program was:
| /* confdefs.h */
| #define PACKAGE_NAME "libjpeg"
| #define PACKAGE_TARNAME "libjpeg"
| #define PACKAGE_VERSION "7.0"
| #define PACKAGE_STRING "libjpeg 7.0"
| #define PACKAGE_BUGREPORT ""
| #define PACKAGE_URL ""
| #define PACKAGE "libjpeg"
| #define VERSION "7.0"
| #define PROTOTYPES 1
| #define __PROTOTYPES 1
| #define STDC_HEADERS 1
| #define HAVE_SYS_TYPES_H 1
| #define HAVE_SYS_STAT_H 1
| #define HAVE_STDLIB_H 1
| #define HAVE_STRING_H 1
| #define HAVE_STRINGS_H 1
| #define HAVE_INTTYPES_H 1
| #define HAVE_STDINT_H 1
| #define HAVE_UNISTD_H 1
| #define HAVE_STRING_H 1
| #define HAVE_PROTOTYPES 1
| #define HAVE_STDDEF_H 1
| #define HAVE_STDLIB_H 1
| #define HAVE_LOCALE_H 1
| #define HAVE_UNSIGNED_CHAR 1
| #define HAVE_UNSIGNED_SHORT 1
| #define INLINE __inline__
| /* end confdefs.h.  */
| #include <stdio.h>
| #ifdef HAVE_SYS_TYPES_H
| # include <sys/types.h>
| #endif
| #ifdef HAVE_SYS_STAT_H
| # include <sys/stat.h>
| #endif
| #ifdef STDC_HEADERS
| # include <stdlib.h>
| # include <stddef.h>
| #else
| # ifdef HAVE_STDLIB_H
| #  include <stdlib.h>
| # endif
| #endif
| #ifdef HAVE_STRING_H
| # if !defined STDC_HEADERS && defined HAVE_MEMORY_H
| #  include <memory.h>
| # endif
| # include <string.h>
| #endif
| #ifdef HAVE_STRINGS_H
| # include <strings.h>
| #endif
| #ifdef HAVE_INTTYPES_H
| # include <inttypes.h>
| #endif
| #ifdef HAVE_STDINT_H
| # include <stdint.h>
| #endif
| #ifdef HAVE_UNISTD_H
| # include <unistd.h>
| #endif
| 
| #include <dlfcn.h>
configure:9039: result: no
configure:9221: checking for objdir
configure:9236: result: .libs
configure:9528: checking if bfin-elf-gcc -mcpu=bf561 -std=gnu99 supports -fno-rtti -fno-exceptions
configure:9546: bfin-elf-gcc -mcpu=bf561 -std=gnu99 -c -Wall -mlong-calls  -fno-rtti -fno-exceptions conftest.c >&5
cc1: warning: command line option "-fno-rtti" is valid for C++/ObjC++ but not for C
configure:9550: $? = 0
configure:9563: result: no
configure:9583: checking for bfin-elf-gcc -mcpu=bf561 -std=gnu99 option to produce PIC
configure:9855: result: -fPIC -DPIC
configure:9867: checking if bfin-elf-gcc -mcpu=bf561 -std=gnu99 PIC flag -fPIC -DPIC works
configure:9885: bfin-elf-gcc -mcpu=bf561 -std=gnu99 -c -Wall -mlong-calls  -fPIC -DPIC -DPIC conftest.c >&5
configure:9889: $? = 0
configure:9902: result: yes
configure:9926: checking if bfin-elf-gcc -mcpu=bf561 -std=gnu99 static flag -static works
configure:9954: result: yes
configure:9969: checking if bfin-elf-gcc -mcpu=bf561 -std=gnu99 supports -c -o file.o
configure:9990: bfin-elf-gcc -mcpu=bf561 -std=gnu99 -c -Wall -mlong-calls  -o out/conftest2.o conftest.c >&5
configure:9994: $? = 0
configure:10016: result: yes
configure:10024: checking if bfin-elf-gcc -mcpu=bf561 -std=gnu99 supports -c -o file.o
configure:10071: result: yes
configure:10104: checking whether the bfin-elf-gcc -mcpu=bf561 -std=gnu99 linker (/opt/uClinux_2012R2_RC2_full/bfin-elf/bfin-elf/bin/ld) supports shared libraries
configure:11095: result: yes
configure:11132: checking whether -lc should be explicitly linked in
configure:11137: bfin-elf-gcc -mcpu=bf561 -std=gnu99 -c -Wall -mlong-calls  conftest.c >&5
configure:11140: $? = 0
configure:11155: bfin-elf-gcc -mcpu=bf561 -std=gnu99 -shared conftest.o  -v -Wl,-soname -Wl,conftest -o conftest 2\>\&1 \| /bin/grep  -lc  \>/dev/null 2\>\&1
configure:11158: $? = 0
configure:11170: result: no
configure:11334: checking dynamic linker characteristics
configure:11997: result: no
configure:12099: checking how to hardcode library paths into programs
configure:12124: result: immediate
configure:12644: checking whether stripping libraries is possible
configure:12649: result: yes
configure:12684: checking if libtool supports shared libraries
configure:12686: result: no
configure:12689: checking whether to build shared libraries
configure:12710: result: no
configure:12713: checking whether to build static libraries
configure:12717: result: yes
configure:12833: checking libjpeg version number
configure:12837: result: 7:0
configure:12977: creating ./config.status

## ---------------- ##
## Cache variables. ##
## ---------------- ##

ac_cv_build=i686-pc-linux-gnulibc1
ac_cv_c_compiler_gnu=yes
ac_cv_c_const=yes
ac_cv_env_CCASFLAGS_set=
ac_cv_env_CCASFLAGS_value=
ac_cv_env_CCAS_set=
ac_cv_env_CCAS_value=
ac_cv_env_CC_set=set
ac_cv_env_CC_value='bfin-elf-gcc -mcpu=bf561'
ac_cv_env_CFLAGS_set=set
ac_cv_env_CFLAGS_value='-Wall -mlong-calls'
ac_cv_env_CPPFLAGS_set=
ac_cv_env_CPPFLAGS_value=
ac_cv_env_CPP_set=
ac_cv_env_CPP_value=
ac_cv_env_LDFLAGS_set=
ac_cv_env_LDFLAGS_value=
ac_cv_env_LIBS_set=
ac_cv_env_LIBS_value=
ac_cv_env_build_alias_set=
ac_cv_env_build_alias_value=
ac_cv_env_host_alias_set=set
ac_cv_env_host_alias_value=bfin-elf
ac_cv_env_target_alias_set=
ac_cv_env_target_alias_value=
ac_cv_header_dlfcn_h=no
ac_cv_header_inttypes_h=yes
ac_cv_header_locale_h=yes
ac_cv_header_memory_h=no
ac_cv_header_stdc=yes
ac_cv_header_stddef_h=yes
ac_cv_header_stdint_h=yes
ac_cv_header_stdlib_h=yes
ac_cv_header_string_h=yes
ac_cv_header_strings_h=yes
ac_cv_header_sys_stat_h=yes
ac_cv_header_sys_types_h=yes
ac_cv_header_unistd_h=yes
ac_cv_host=bfin-unknown-elf
ac_cv_objext=o
ac_cv_path_EGREP='/bin/grep -E'
ac_cv_path_FGREP='/bin/grep -F'
ac_cv_path_GREP=/bin/grep
ac_cv_path_SED=/bin/sed
ac_cv_path_install='/usr/bin/install -c'
ac_cv_path_mkdir=/bin/mkdir
ac_cv_prog_AR=bfin-elf-ar
ac_cv_prog_AWK=gawk
ac_cv_prog_CC='bfin-elf-gcc -mcpu=bf561'
ac_cv_prog_CPP='bfin-elf-gcc -mcpu=bf561 -E'
ac_cv_prog_OBJDUMP=objdump
ac_cv_prog_RANLIB=bfin-elf-ranlib
ac_cv_prog_STRIP=bfin-elf-strip
ac_cv_prog_cc_c89=
ac_cv_prog_cc_c99=-std=gnu99
ac_cv_prog_cc_g=yes
ac_cv_prog_cc_stdc=-std=gnu99
ac_cv_prog_make_make_set=yes
ac_cv_target=bfin-unknown-elf
am_cv_CCAS_dependencies_compiler_type=gcc3
am_cv_CC_dependencies_compiler_type=gcc3
ijg_cv_have_prototypes=yes
ijg_cv_inline=__inline__
lt_cv_deplibs_check_method=unknown
lt_cv_file_magic_cmd='$MAGIC_CMD'
lt_cv_file_magic_test_file=
lt_cv_ld_reload_flag=-r
lt_cv_nm_interface='BSD nm'
lt_cv_objdir=.libs
lt_cv_path_LD=/opt/uClinux_2012R2_RC2_full/bfin-elf/bfin-elf/bin/ld
lt_cv_path_NM='/opt/uClinux/bfin-elf/bin/bfin-elf-nm -B'
lt_cv_prog_compiler_c_o=yes
lt_cv_prog_compiler_pic_works=yes
lt_cv_prog_compiler_rtti_exceptions=no
lt_cv_prog_compiler_static_works=yes
lt_cv_prog_gnu_ld=yes
lt_cv_sys_global_symbol_pipe='sed -n -e '\''s/^.*[	 ]\([ABCDGIRSTW][ABCDGIRSTW]*\)[	 ][	 ]*_\([_A-Za-z][_A-Za-z0-9]*\)$/\1 _\2 \2/p'\'''
lt_cv_sys_global_symbol_to_c_name_address='sed -n -e '\''s/^: \([^ ]*\) $/  {\"\1\", (void *) 0},/p'\'' -e '\''s/^[ABCDGIRSTW]* \([^ ]*\) \([^ ]*\)$/  {"\2", (void *) \&\2},/p'\'''
lt_cv_sys_global_symbol_to_c_name_address_lib_prefix='sed -n -e '\''s/^: \([^ ]*\) $/  {\"\1\", (void *) 0},/p'\'' -e '\''s/^[ABCDGIRSTW]* \([^ ]*\) \(lib[^ ]*\)$/  {"\2", (void *) \&\2},/p'\'' -e '\''s/^[ABCDGIRSTW]* \([^ ]*\) \([^ ]*\)$/  {"lib\2", (void *) \&\2},/p'\'''
lt_cv_sys_global_symbol_to_cdecl='sed -n -e '\''s/^T .* \(.*\)$/extern int \1();/p'\'' -e '\''s/^[ABCDGIRSTW]* .* \(.*\)$/extern char \1;/p'\'''
lt_cv_sys_max_cmd_len=805306365

## ----------------- ##
## Output variables. ##
## ----------------- ##

ACLOCAL='${SHELL} /home/aaron/work/git_609_new/2012R2/buildroot/output/build/icc-10837/example/task/jpeg-7/missing --run aclocal-1.11'
AMDEPBACKSLASH='\'
AMDEP_FALSE='#'
AMDEP_TRUE=''
AMTAR='${SHELL} /home/aaron/work/git_609_new/2012R2/buildroot/output/build/icc-10837/example/task/jpeg-7/missing --run tar'
AM_BACKSLASH='\'
AM_DEFAULT_VERBOSITY='0'
ANSI2KNR=''
AR='bfin-elf-ar'
AS='as'
AUTOCONF='${SHELL} /home/aaron/work/git_609_new/2012R2/buildroot/output/build/icc-10837/example/task/jpeg-7/missing --run autoconf'
AUTOHEADER='echo autoheader ignored'
AUTOMAKE='${SHELL} /home/aaron/work/git_609_new/2012R2/buildroot/output/build/icc-10837/example/task/jpeg-7/missing --run automake-1.11'
AWK='gawk'
CC='bfin-elf-gcc -mcpu=bf561 -std=gnu99'
CCAS='bfin-elf-gcc -mcpu=bf561 -std=gnu99'
CCASDEPMODE='depmode=gcc3'
CCASFLAGS='-Wall -mlong-calls'
CCDEPMODE='depmode=gcc3'
CFLAGS='-Wall -mlong-calls'
CPP='bfin-elf-gcc -mcpu=bf561 -E'
CPPFLAGS=''
CYGPATH_W='echo'
DEFS='-DHAVE_CONFIG_H'
DEPDIR='.deps'
DLLTOOL='dlltool'
DSYMUTIL=''
DUMPBIN=''
ECHO_C=''
ECHO_N='-n'
ECHO_T=''
EGREP='/bin/grep -E'
EXEEXT=''
FGREP='/bin/grep -F'
GREP='/bin/grep'
HAVE_LD_VERSION_SCRIPT_FALSE='#'
HAVE_LD_VERSION_SCRIPT_TRUE=''
INSTALL_DATA='${INSTALL} -m 644'
INSTALL_PROGRAM='${INSTALL}'
INSTALL_SCRIPT='${INSTALL}'
INSTALL_STRIP_PROGRAM='$(install_sh) -c -s'
JPEG_LIB_VERSION='7:0'
LD='/opt/uClinux_2012R2_RC2_full/bfin-elf/bfin-elf/bin/ld'
LDFLAGS=''
LIBOBJS=''
LIBS=''
LIBTOOL='$(SHELL) $(top_builddir)/libtool'
LIPO=''
LN_S='ln -s'
LTLIBOBJS=''
MAINT='#'
MAINTAINER_MODE_FALSE=''
MAINTAINER_MODE_TRUE='#'
MAKEINFO='${SHELL} /home/aaron/work/git_609_new/2012R2/buildroot/output/build/icc-10837/example/task/jpeg-7/missing --run makeinfo'
MEMORYMGR='jmemnobs'
MKDIR_P='/bin/mkdir -p'
NM='/opt/uClinux/bfin-elf/bin/bfin-elf-nm -B'
NMEDIT=''
OBJDUMP='objdump'
OBJEXT='o'
OTOOL64=''
OTOOL=''
PACKAGE='libjpeg'
PACKAGE_BUGREPORT=''
PACKAGE_NAME='libjpeg'
PACKAGE_STRING='libjpeg 7.0'
PACKAGE_TARNAME='libjpeg'
PACKAGE_URL=''
PACKAGE_VERSION='7.0'
PATH_SEPARATOR=':'
RANLIB='bfin-elf-ranlib'
SED='/bin/sed'
SET_MAKE=''
SHELL='/bin/sh'
STRIP='bfin-elf-strip'
U=''
VERSION='7.0'
ac_ct_CC=''
ac_ct_DUMPBIN=''
am__EXEEXT_FALSE=''
am__EXEEXT_TRUE='#'
am__fastdepCCAS_FALSE='#'
am__fastdepCCAS_TRUE=''
am__fastdepCC_FALSE='#'
am__fastdepCC_TRUE=''
am__include='include'
am__isrc=''
am__leading_dot='.'
am__quote=''
am__tar='${AMTAR} chof - "$$tardir"'
am__untar='${AMTAR} xf -'
bindir='${exec_prefix}/bin'
build='i686-pc-linux-gnulibc1'
build_alias=''
build_cpu='i686'
build_os='linux-gnulibc1'
build_vendor='pc'
datadir='${datarootdir}'
datarootdir='${prefix}/share'
docdir='${datarootdir}/doc/${PACKAGE_TARNAME}'
dvidir='${docdir}'
exec_prefix='${prefix}'
host='bfin-unknown-elf'
host_alias='bfin-elf'
host_cpu='bfin'
host_os='elf'
host_vendor='unknown'
htmldir='${docdir}'
includedir='${prefix}/include'
infodir='${datarootdir}/info'
install_sh='${SHELL} /home/aaron/work/git_609_new/2012R2/buildroot/output/build/icc-10837/example/task/jpeg-7/install-sh'
libdir='${exec_prefix}/lib'
libexecdir='${exec_prefix}/libexec'
localedir='${datarootdir}/locale'
localstatedir='${prefix}/var'
lt_ECHO='echo'
mandir='${datarootdir}/man'
mkdir_p='/bin/mkdir -p'
oldincludedir='/usr/include'
pdfdir='${docdir}'
prefix='/usr'
program_transform_name='s,x,x,'
psdir='${docdir}'
sbindir='${exec_prefix}/sbin'
sharedstatedir='${prefix}/com'
sysconfdir='${prefix}/etc'
target='bfin-unknown-elf'
target_alias=''
target_cpu='bfin'
target_os='elf'
target_vendor='unknown'

## ----------- ##
## confdefs.h. ##
## ----------- ##

/* confdefs.h */
#define PACKAGE_NAME "libjpeg"
#define PACKAGE_TARNAME "libjpeg"
#define PACKAGE_VERSION "7.0"
#define PACKAGE_STRING "libjpeg 7.0"
#define PACKAGE_BUGREPORT ""
#define PACKAGE_URL ""
#define PACKAGE "libjpeg"
#define VERSION "7.0"
#define PROTOTYPES 1
#define __PROTOTYPES 1
#define STDC_HEADERS 1
#define HAVE_SYS_TYPES_H 1
#define HAVE_SYS_STAT_H 1
#define HAVE_STDLIB_H 1
#define HAVE_STRING_H 1
#define HAVE_STRINGS_H 1
#define HAVE_INTTYPES_H 1
#define HAVE_STDINT_H 1
#define HAVE_UNISTD_H 1
#define HAVE_STRING_H 1
#define HAVE_PROTOTYPES 1
#define HAVE_STDDEF_H 1
#define HAVE_STDLIB_H 1
#define HAVE_LOCALE_H 1
#define HAVE_UNSIGNED_CHAR 1
#define HAVE_UNSIGNED_SHORT 1
#define INLINE __inline__
#define LT_OBJDIR ".libs/"

configure: exit 0

## ---------------------- ##
## Running config.status. ##
## ---------------------- ##

This file was extended by libjpeg config.status 7.0, which was
generated by GNU Autoconf 2.65.  Invocation command line was

  CONFIG_FILES    = 
  CONFIG_HEADERS  = 
  CONFIG_LINKS    = 
  CONFIG_COMMANDS = 
  $ ./config.status 

on lab-desktop

config.status:1091: creating Makefile
config.status:1091: creating jconfig.h
config.status:1263: jconfig.h is unchanged
config.status:1311: executing depfiles commands
config.status:1311: executing libtool commands
